IQ-TREE multicore version 2.0.6 for Windows 32-bit built May 30 2020
Developed by Bui Quang Minh, Nguyen Lam Tung, Olga Chernomor,
Heiko Schmidt, Dominik Schrempf, Michael Woodhams.

Host:    DESKTOP-L4IF2PU (SSE4.2, 1 GB RAM)
Command: C:\Users\Adriana\Desktop\proyectofinal2024\iqtree-2.0.6-Windows32\bin\iqtree2.exe -s C:/Users/Adriana/Desktop/proyectofinal2024/results/TP53.aln-fasta -B 1000
Seed:    668011 (Using SPRNG - Scalable Parallel Random Number Generator)
Time:    Mon Jun 24 15:44:42 2024
Kernel:  SSE2 - 1 threads (12 CPU cores detected)

HINT: Use -nt option to specify number of threads because your CPU has 12 cores!
HINT: -nt AUTO will automatically determine the best number of threads to use.

Reading alignment file C:/Users/Adriana/Desktop/proyectofinal2024/results/TP53.aln-fasta ... Fasta format detected
Alignment most likely contains DNA/RNA sequences
Alignment has 34 sequences with 4472 columns, 1190 distinct patterns
697 parsimony-informative, 912 singleton sites, 2863 constant sites
                           Gap/Ambiguity  Composition  p-value
   1  Otolemur_garnettii          52.19%    failed      1.48%
   2  Nycticebus_coucang          50.65%    failed      1.48%
   3  Callithrix_jacchus          43.54%    passed     58.69%
   4  Cebus_imitator              43.16%    passed     86.36%
   5  Sapajus_apella              40.21%    passed     94.44%
   6  Saimiri_boliviensis         39.96%    passed     73.36%
   7  Aotus_nancymaae             64.02%    passed     22.50%
   8  Macaca_nemestrina           60.64%    passed     42.16%
   9  Chlorocebus_sabaeus         40.30%    passed     95.89%
  10  Macaca_thibetana            22.56%    passed     29.87%
  11  Macaca_mulatta              51.16%    passed     64.14%
  12  Macaca_fascicularis         42.98%    passed     92.64%
  13  Mandrillus_leucophaeus      42.78%    passed     95.30%
  14  Cercocebus_atys             42.84%    passed     93.78%
  15  Papio_anubis                42.75%    passed     96.04%
  16  Theropithecus_gelada        42.69%    passed     98.80%
  17  Colobus_angolensis          42.55%    passed     96.81%
  18  Piliocolobus_tephrosceles   42.71%    passed     81.21%
  19  Trachypithecus_francoisi    42.75%    passed     95.77%
  20  Rhinopithecus_roxellana     42.80%    passed     99.02%
  21  Rhinopithecus_bieti         41.97%    passed     96.08%
  22  Nomascus_leucogenys         42.60%    passed     59.52%
  23  Hylobates_moloch            43.81%    passed     67.37%
  24  Symphalangus_syndactylus    40.88%    passed     51.01%
  25  Pongo_abelii                43.52%    passed     81.53%
  26  Pongo_pygmaeus              43.29%    passed     82.28%
  27  Pan_troglodytes             41.10%    passed     95.68%
  28  Pan_paniscus                41.35%    passed     97.68%
  29  Gorilla_gorilla             43.45%    passed     92.06%
  30  Homo_sapiens                43.83%    passed     87.26%
  31  Carlito_syrichta            65.18%    failed      3.61%
  32  Microcebus_murinus          31.62%    passed     33.47%
  33  Lemur_catta                 50.94%    passed     81.53%
  34  Propithecus_coquereli       52.01%    passed     64.36%
WARNING: 8 sequences contain more than 50% gaps/ambiguity
****  TOTAL                       44.67%  3 sequences failed composition chi2 test (p-value<5%; df=3)


Create initial parsimony tree by phylogenetic likelihood library (PLL)... 0.007 seconds
Perform fast likelihood tree search using GTR+I+G model...
Estimate model parameters (epsilon = 5.000)
Perform nearest neighbor interchange...
Estimate model parameters (epsilon = 1.000)
1. Initial log-likelihood: -17087.444
Optimal log-likelihood: -17086.802
Rate parameters:  A-C: 1.05028  A-G: 4.47850  A-T: 1.12459  C-G: 0.94721  C-T: 3.36560  G-T: 1.00000
Base frequencies:  A: 0.218  C: 0.285  G: 0.248  T: 0.249
Proportion of invariable sites: 0.299
Gamma shape alpha: 5.249
Parameters optimization took 1 rounds (0.080 sec)
Time for fast ML tree search: 0.530 seconds

NOTE: ModelFinder requires 17 MB RAM!
ModelFinder will test up to 286 DNA models (sample size: 4472) ...
 No. Model         -LnL         df  AIC          AICc         BIC
  1  GTR+F         17198.563    73  34543.127    34545.583    35010.735
  2  GTR+F+I       17096.477    74  34340.954    34343.478    34814.968
  3  GTR+F+G4      17079.387    74  34306.774    34309.298    34780.787
  4  GTR+F+I+G4    17082.254    75  34314.508    34317.101    34794.927
  5  GTR+F+R2      17082.879    75  34315.758    34318.351    34796.177
  6  GTR+F+R3      17080.459    77  34314.919    34317.652    34808.149
 16  SYM+G4        17073.969    71  34289.938    34292.261    34744.735
 29  TVM+F+G4      17087.484    73  34320.967    34323.424    34788.576
 42  TVMe+G4       17075.145    70  34290.289    34292.548    34738.681
 55  TIM3+F+G4     17080.120    72  34304.240    34306.630    34765.443
 68  TIM3e+G4      17073.968    69  34285.937    34288.131    34727.922
 81  TIM2+F+G4     17079.605    72  34303.210    34305.600    34764.413
 94  TIM2e+G4      17074.025    69  34286.049    34288.244    34728.035
107  TIM+F+G4      17080.345    72  34304.689    34307.079    34765.892
120  TIMe+G4       17074.020    69  34286.041    34288.235    34728.026
133  TPM3u+F+G4    17088.277    71  34318.554    34320.878    34773.351
146  TPM3+F+G4     17088.277    71  34318.554    34320.878    34773.351
159  TPM2u+F+G4    17087.694    71  34317.389    34319.712    34772.186
172  TPM2+F+G4     17087.694    71  34317.389    34319.712    34772.186
185  K3Pu+F+G4     17088.479    71  34318.959    34321.282    34773.756
198  K3P+G4        17075.203    68  34286.407    34288.538    34721.987
211  TN+F+G4       17080.353    71  34302.706    34305.030    34757.503
224  TNe+G4        17074.025    68  34284.050    34286.181    34719.630
237  HKY+F+G4      17088.491    70  34316.982    34319.240    34765.373
250  K2P+G4        17075.211    67  34284.423    34286.492    34713.598
263  F81+F+G4      17495.813    69  35129.627    35131.821    35571.612
276  JC+G4         17483.559    66  35099.117    35101.125    35521.886
Akaike Information Criterion:           TNe+G4
Corrected Akaike Information Criterion: TNe+G4
Bayesian Information Criterion:         K2P+G4
Best-fit model: K2P+G4 chosen according to BIC

All model information printed to C:/Users/Adriana/Desktop/proyectofinal2024/results/TP53.aln-fasta.model.gz
CPU time for ModelFinder: 3.844 seconds (0h:0m:3s)
Wall-clock time for ModelFinder: 4.464 seconds (0h:0m:4s)
Generating 1000 samples for ultrafast bootstrap (seed: 668011)...

NOTE: 9 MB RAM (0 GB) is required!
Estimate model parameters (epsilon = 0.100)
1. Initial log-likelihood: -17075.211
Optimal log-likelihood: -17075.211
Rate parameters:  A-C: 1.00000  A-G: 3.75771  A-T: 1.00000  C-G: 1.00000  C-T: 3.75771  G-T: 1.00000
Base frequencies:  A: 0.250  C: 0.250  G: 0.250  T: 0.250
Gamma shape alpha: 1.045
Parameters optimization took 1 rounds (0.046 sec)
Computing ML distances based on estimated model parameters... 0.016 sec
Computing BIONJ tree...
0.013 seconds
Log-likelihood of BIONJ tree: -17077.898
--------------------------------------------------------------------
|             INITIALIZING CANDIDATE TREE SET                      |
--------------------------------------------------------------------
Generating 98 parsimony trees... 0.567 second
Computing log-likelihood of 98 initial trees ... 1.176 seconds
Current best score: -17075.211

Do NNI search on 20 best initial trees
Estimate model parameters (epsilon = 0.100)
BETTER TREE FOUND at iteration 1: -17075.211
Iteration 10 / LogL: -17075.217 / Time: 0h:0m:3s
Iteration 20 / LogL: -17075.212 / Time: 0h:0m:6s
Finish initializing candidate tree set (1)
Current best tree score: -17075.211 / CPU time: 5.761
Number of iterations: 20
--------------------------------------------------------------------
|               OPTIMIZING CANDIDATE TREE SET                      |
--------------------------------------------------------------------
Iteration 30 / LogL: -17076.387 / Time: 0h:0m:8s (0h:0m:21s left)
Iteration 40 / LogL: -17075.216 / Time: 0h:0m:11s (0h:0m:17s left)
Iteration 50 / LogL: -17075.218 / Time: 0h:0m:13s (0h:0m:14s left)
Log-likelihood cutoff on original alignment: -17111.668
Iteration 60 / LogL: -17075.214 / Time: 0h:0m:16s (0h:0m:11s left)
Iteration 70 / LogL: -17075.215 / Time: 0h:0m:19s (0h:0m:8s left)
UPDATE BEST LOG-LIKELIHOOD: -17075.211
Iteration 80 / LogL: -17075.216 / Time: 0h:0m:22s (0h:0m:5s left)
Iteration 90 / LogL: -17075.225 / Time: 0h:0m:24s (0h:0m:3s left)
Iteration 100 / LogL: -17075.213 / Time: 0h:0m:27s (0h:0m:0s left)
Log-likelihood cutoff on original alignment: -17111.668
NOTE: Bootstrap correlation coefficient of split occurrence frequencies: 0.994
TREE SEARCH COMPLETED AFTER 102 ITERATIONS / Time: 0h:0m:27s

--------------------------------------------------------------------
|                    FINALIZING TREE SEARCH                        |
--------------------------------------------------------------------
Performs final model parameters optimization
Estimate model parameters (epsilon = 0.010)
1. Initial log-likelihood: -17075.211
Optimal log-likelihood: -17075.211
Rate parameters:  A-C: 1.00000  A-G: 3.75774  A-T: 1.00000  C-G: 1.00000  C-T: 3.75774  G-T: 1.00000
Base frequencies:  A: 0.250  C: 0.250  G: 0.250  T: 0.250
Gamma shape alpha: 1.044
Parameters optimization took 1 rounds (0.043 sec)
BEST SCORE FOUND : -17075.211
Creating bootstrap support values...
Split supports printed to NEXUS file C:/Users/Adriana/Desktop/proyectofinal2024/results/TP53.aln-fasta.splits.nex
Total tree length: 1.131

Total number of iterations: 102
CPU time used for tree search: 24.312 sec (0h:0m:24s)
Wall-clock time used for tree search: 27.267 sec (0h:0m:27s)
Total CPU time used: 24.562 sec (0h:0m:24s)
Total wall-clock time used: 27.771 sec (0h:0m:27s)

Computing bootstrap consensus tree...
Reading input file C:/Users/Adriana/Desktop/proyectofinal2024/results/TP53.aln-fasta.splits.nex...
34 taxa and 119 splits.
Consensus tree written to C:/Users/Adriana/Desktop/proyectofinal2024/results/TP53.aln-fasta.contree
Reading input trees file C:/Users/Adriana/Desktop/proyectofinal2024/results/TP53.aln-fasta.contree
Log-likelihood of consensus tree: -17075.215

Analysis results written to: 
  IQ-TREE report:                C:/Users/Adriana/Desktop/proyectofinal2024/results/TP53.aln-fasta.iqtree
  Maximum-likelihood tree:       C:/Users/Adriana/Desktop/proyectofinal2024/results/TP53.aln-fasta.treefile
  Likelihood distances:          C:/Users/Adriana/Desktop/proyectofinal2024/results/TP53.aln-fasta.mldist

Ultrafast bootstrap approximation results written to:
  Split support values:          C:/Users/Adriana/Desktop/proyectofinal2024/results/TP53.aln-fasta.splits.nex
  Consensus tree:                C:/Users/Adriana/Desktop/proyectofinal2024/results/TP53.aln-fasta.contree
  Screen log file:               C:/Users/Adriana/Desktop/proyectofinal2024/results/TP53.aln-fasta.log

Date and Time: Mon Jun 24 15:45:15 2024
